2016-01-28 18:08:44,049 ERROR org.hibernate.LazyInitializationException (<init>:19): failed to lazily initialize a collection of role: br.com.agendamysql.modelo.Contato.telefones, no session or session was closed
  org.hibernate.LazyInitializationException: failed to lazily initialize a collection of role: br.com.agendamysql.modelo.Contato.telefones, no session or session was closed
	at org.hibernate.collection.AbstractPersistentCollection.throwLazyInitializationException(AbstractPersistentCollection.java:358)
	at org.hibernate.collection.AbstractPersistentCollection.throwLazyInitializationExceptionIfNotConnected(AbstractPersistentCollection.java:350)
	at org.hibernate.collection.AbstractPersistentCollection.readSize(AbstractPersistentCollection.java:97)
	at org.hibernate.collection.PersistentBag.size(PersistentBag.java:225)
	at br.com.agendamysql.tableModel.TableModelTelefone.getRowCount(TableModelTelefone.java:20)
	at javax.swing.table.TableRowSorter$TableRowSorterModelWrapper.getRowCount(TableRowSorter.java:265)
	at javax.swing.DefaultRowSorter.setModelWrapper(DefaultRowSorter.java:221)
	at javax.swing.table.TableRowSorter.setModel(TableRowSorter.java:175)
	at javax.swing.table.TableRowSorter.<init>(TableRowSorter.java:163)
	at javax.swing.JTable.setModel(JTable.java:3692)
	at br.com.agendamysql.view.Agenda.atualizaTabelaTelefone(Agenda.java:384)
	at br.com.agendamysql.view.Agenda.btnExcluirActionPerformed(Agenda.java:324)
	at br.com.agendamysql.view.Agenda.access$100(Agenda.java:14)
	at br.com.agendamysql.view.Agenda$2.actionPerformed(Agenda.java:166)
	at javax.swing.AbstractButton.fireActionPerformed(AbstractButton.java:2018)
	at javax.swing.AbstractButton$Handler.actionPerformed(AbstractButton.java:2341)
	at javax.swing.DefaultButtonModel.fireActionPerformed(DefaultButtonModel.java:402)
	at javax.swing.DefaultButtonModel.setPressed(DefaultButtonModel.java:259)
	at javax.swing.plaf.basic.BasicButtonListener.mouseReleased(BasicButtonListener.java:252)
	at java.awt.Component.processMouseEvent(Component.java:6505)
	at javax.swing.JComponent.processMouseEvent(JComponent.java:3321)
	at java.awt.Component.processEvent(Component.java:6270)
	at java.awt.Container.processEvent(Container.java:2229)
	at java.awt.Component.dispatchEventImpl(Component.java:4861)
	at java.awt.Container.dispatchEventImpl(Container.java:2287)
	at java.awt.Component.dispatchEvent(Component.java:4687)
	at java.awt.LightweightDispatcher.retargetMouseEvent(Container.java:4832)
	at java.awt.LightweightDispatcher.processMouseEvent(Container.java:4492)
	at java.awt.LightweightDispatcher.dispatchEvent(Container.java:4422)
	at java.awt.Container.dispatchEventImpl(Container.java:2273)
	at java.awt.Window.dispatchEventImpl(Window.java:2719)
	at java.awt.Component.dispatchEvent(Component.java:4687)
	at java.awt.EventQueue.dispatchEventImpl(EventQueue.java:735)
	at java.awt.EventQueue.access$200(EventQueue.java:103)
	at java.awt.EventQueue$3.run(EventQueue.java:694)
	at java.awt.EventQueue$3.run(EventQueue.java:692)
	at java.security.AccessController.doPrivileged(Native Method)
	at java.security.ProtectionDomain$1.doIntersectionPrivilege(ProtectionDomain.java:76)
	at java.security.ProtectionDomain$1.doIntersectionPrivilege(ProtectionDomain.java:87)
	at java.awt.EventQueue$4.run(EventQueue.java:708)
	at java.awt.EventQueue$4.run(EventQueue.java:706)
	at java.security.AccessController.doPrivileged(Native Method)
	at java.security.ProtectionDomain$1.doIntersectionPrivilege(ProtectionDomain.java:76)
	at java.awt.EventQueue.dispatchEvent(EventQueue.java:705)
	at java.awt.EventDispatchThread.pumpOneEventForFilters(EventDispatchThread.java:242)
	at java.awt.EventDispatchThread.pumpEventsForFilter(EventDispatchThread.java:161)
	at java.awt.EventDispatchThread.pumpEventsForHierarchy(EventDispatchThread.java:150)
	at java.awt.EventDispatchThread.pumpEvents(EventDispatchThread.java:146)
	at java.awt.EventDispatchThread.pumpEvents(EventDispatchThread.java:138)
	at java.awt.EventDispatchThread.run(EventDispatchThread.java:91)
2016-01-28 18:08:44,057 ERROR org.hibernate.LazyInitializationException (<init>:19): failed to lazily initialize a collection of role: br.com.agendamysql.modelo.Contato.telefones, no session or session was closed
  org.hibernate.LazyInitializationException: failed to lazily initialize a collection of role: br.com.agendamysql.modelo.Contato.telefones, no session or session was closed
	at org.hibernate.collection.AbstractPersistentCollection.throwLazyInitializationException(AbstractPersistentCollection.java:358)
	at org.hibernate.collection.AbstractPersistentCollection.throwLazyInitializationExceptionIfNotConnected(AbstractPersistentCollection.java:350)
	at org.hibernate.collection.AbstractPersistentCollection.initialize(AbstractPersistentCollection.java:343)
	at org.hibernate.collection.AbstractPersistentCollection.read(AbstractPersistentCollection.java:86)
	at org.hibernate.collection.PersistentBag.get(PersistentBag.java:422)
	at br.com.agendamysql.tableModel.TableModelTelefone.getValueAt(TableModelTelefone.java:44)
	at javax.swing.JTable.getValueAt(JTable.java:2716)
	at javax.swing.JTable.prepareRenderer(JTable.java:5714)
	at javax.swing.plaf.basic.BasicTableUI.paintCell(BasicTableUI.java:2114)
	at javax.swing.plaf.basic.BasicTableUI.paintCells(BasicTableUI.java:2016)
	at javax.swing.plaf.basic.BasicTableUI.paint(BasicTableUI.java:1812)
	at javax.swing.plaf.ComponentUI.update(ComponentUI.java:161)
	at javax.swing.JComponent.paintComponent(JComponent.java:778)
	at javax.swing.JComponent.paint(JComponent.java:1054)
	at javax.swing.JComponent.paintToOffscreen(JComponent.java:5221)
	at javax.swing.RepaintManager$PaintManager.paintDoubleBuffered(RepaintManager.java:1508)
	at javax.swing.RepaintManager$PaintManager.paint(RepaintManager.java:1439)
	at javax.swing.RepaintManager.paint(RepaintManager.java:1236)
	at javax.swing.JComponent._paintImmediately(JComponent.java:5169)
	at javax.swing.JComponent.paintImmediately(JComponent.java:4980)
	at javax.swing.RepaintManager$3.run(RepaintManager.java:796)
	at javax.swing.RepaintManager$3.run(RepaintManager.java:784)
	at java.security.AccessController.doPrivileged(Native Method)
	at java.security.ProtectionDomain$1.doIntersectionPrivilege(ProtectionDomain.java:76)
	at javax.swing.RepaintManager.paintDirtyRegions(RepaintManager.java:784)
	at javax.swing.RepaintManager.paintDirtyRegions(RepaintManager.java:757)
	at javax.swing.RepaintManager.prePaintDirtyRegions(RepaintManager.java:706)
	at javax.swing.RepaintManager.access$1000(RepaintManager.java:62)
	at javax.swing.RepaintManager$ProcessingRunnable.run(RepaintManager.java:1647)
	at java.awt.event.InvocationEvent.dispatch(InvocationEvent.java:251)
	at java.awt.EventQueue.dispatchEventImpl(EventQueue.java:733)
	at java.awt.EventQueue.access$200(EventQueue.java:103)
	at java.awt.EventQueue$3.run(EventQueue.java:694)
	at java.awt.EventQueue$3.run(EventQueue.java:692)
	at java.security.AccessController.doPrivileged(Native Method)
	at java.security.ProtectionDomain$1.doIntersectionPrivilege(ProtectionDomain.java:76)
	at java.awt.EventQueue.dispatchEvent(EventQueue.java:703)
	at java.awt.EventDispatchThread.pumpOneEventForFilters(EventDispatchThread.java:242)
	at java.awt.EventDispatchThread.pumpEventsForFilter(EventDispatchThread.java:161)
	at java.awt.EventDispatchThread.pumpEventsForHierarchy(EventDispatchThread.java:150)
	at java.awt.EventDispatchThread.pumpEvents(EventDispatchThread.java:146)
	at java.awt.EventDispatchThread.pumpEvents(EventDispatchThread.java:138)
	at java.awt.EventDispatchThread.run(EventDispatchThread.java:91)
2016-01-28 18:11:56,807 ERROR org.hibernate.LazyInitializationException (<init>:19): failed to lazily initialize a collection of role: br.com.agendamysql.modelo.Contato.telefones, no session or session was closed
  org.hibernate.LazyInitializationException: failed to lazily initialize a collection of role: br.com.agendamysql.modelo.Contato.telefones, no session or session was closed
	at org.hibernate.collection.AbstractPersistentCollection.throwLazyInitializationException(AbstractPersistentCollection.java:358)
	at org.hibernate.collection.AbstractPersistentCollection.throwLazyInitializationExceptionIfNotConnected(AbstractPersistentCollection.java:350)
	at org.hibernate.collection.AbstractPersistentCollection.readSize(AbstractPersistentCollection.java:97)
	at org.hibernate.collection.PersistentBag.size(PersistentBag.java:225)
	at br.com.agendamysql.view.Agenda.atualizaTabelaTelefone(Agenda.java:383)
	at br.com.agendamysql.view.Agenda.btnExcluirActionPerformed(Agenda.java:324)
	at br.com.agendamysql.view.Agenda.access$100(Agenda.java:14)
	at br.com.agendamysql.view.Agenda$2.actionPerformed(Agenda.java:166)
	at javax.swing.AbstractButton.fireActionPerformed(AbstractButton.java:2018)
	at javax.swing.AbstractButton$Handler.actionPerformed(AbstractButton.java:2341)
	at javax.swing.DefaultButtonModel.fireActionPerformed(DefaultButtonModel.java:402)
	at javax.swing.DefaultButtonModel.setPressed(DefaultButtonModel.java:259)
	at javax.swing.plaf.basic.BasicButtonListener.mouseReleased(BasicButtonListener.java:252)
	at java.awt.Component.processMouseEvent(Component.java:6505)
	at javax.swing.JComponent.processMouseEvent(JComponent.java:3321)
	at java.awt.Component.processEvent(Component.java:6270)
	at java.awt.Container.processEvent(Container.java:2229)
	at java.awt.Component.dispatchEventImpl(Component.java:4861)
	at java.awt.Container.dispatchEventImpl(Container.java:2287)
	at java.awt.Component.dispatchEvent(Component.java:4687)
	at java.awt.LightweightDispatcher.retargetMouseEvent(Container.java:4832)
	at java.awt.LightweightDispatcher.processMouseEvent(Container.java:4492)
	at java.awt.LightweightDispatcher.dispatchEvent(Container.java:4422)
	at java.awt.Container.dispatchEventImpl(Container.java:2273)
	at java.awt.Window.dispatchEventImpl(Window.java:2719)
	at java.awt.Component.dispatchEvent(Component.java:4687)
	at java.awt.EventQueue.dispatchEventImpl(EventQueue.java:735)
	at java.awt.EventQueue.access$200(EventQueue.java:103)
	at java.awt.EventQueue$3.run(EventQueue.java:694)
	at java.awt.EventQueue$3.run(EventQueue.java:692)
	at java.security.AccessController.doPrivileged(Native Method)
	at java.security.ProtectionDomain$1.doIntersectionPrivilege(ProtectionDomain.java:76)
	at java.security.ProtectionDomain$1.doIntersectionPrivilege(ProtectionDomain.java:87)
	at java.awt.EventQueue$4.run(EventQueue.java:708)
	at java.awt.EventQueue$4.run(EventQueue.java:706)
	at java.security.AccessController.doPrivileged(Native Method)
	at java.security.ProtectionDomain$1.doIntersectionPrivilege(ProtectionDomain.java:76)
	at java.awt.EventQueue.dispatchEvent(EventQueue.java:705)
	at java.awt.EventDispatchThread.pumpOneEventForFilters(EventDispatchThread.java:242)
	at java.awt.EventDispatchThread.pumpEventsForFilter(EventDispatchThread.java:161)
	at java.awt.EventDispatchThread.pumpEventsForHierarchy(EventDispatchThread.java:150)
	at java.awt.EventDispatchThread.pumpEvents(EventDispatchThread.java:146)
	at java.awt.EventDispatchThread.pumpEvents(EventDispatchThread.java:138)
	at java.awt.EventDispatchThread.run(EventDispatchThread.java:91)
2016-01-28 18:12:35,686 ERROR org.hibernate.LazyInitializationException (<init>:19): failed to lazily initialize a collection of role: br.com.agendamysql.modelo.Contato.telefones, no session or session was closed
  org.hibernate.LazyInitializationException: failed to lazily initialize a collection of role: br.com.agendamysql.modelo.Contato.telefones, no session or session was closed
	at org.hibernate.collection.AbstractPersistentCollection.throwLazyInitializationException(AbstractPersistentCollection.java:358)
	at org.hibernate.collection.AbstractPersistentCollection.throwLazyInitializationExceptionIfNotConnected(AbstractPersistentCollection.java:350)
	at org.hibernate.collection.AbstractPersistentCollection.readSize(AbstractPersistentCollection.java:97)
	at org.hibernate.collection.PersistentBag.size(PersistentBag.java:225)
	at br.com.agendamysql.tableModel.TableModelTelefone.getRowCount(TableModelTelefone.java:20)
	at javax.swing.table.TableRowSorter$TableRowSorterModelWrapper.getRowCount(TableRowSorter.java:265)
	at javax.swing.DefaultRowSorter.setModelWrapper(DefaultRowSorter.java:221)
	at javax.swing.table.TableRowSorter.setModel(TableRowSorter.java:175)
	at javax.swing.table.TableRowSorter.<init>(TableRowSorter.java:163)
	at javax.swing.JTable.setModel(JTable.java:3692)
	at br.com.agendamysql.view.Agenda.atualizaTabelaTelefone(Agenda.java:384)
	at br.com.agendamysql.view.Agenda.btnExcluirActionPerformed(Agenda.java:324)
	at br.com.agendamysql.view.Agenda.access$100(Agenda.java:14)
	at br.com.agendamysql.view.Agenda$2.actionPerformed(Agenda.java:166)
	at javax.swing.AbstractButton.fireActionPerformed(AbstractButton.java:2018)
	at javax.swing.AbstractButton$Handler.actionPerformed(AbstractButton.java:2341)
	at javax.swing.DefaultButtonModel.fireActionPerformed(DefaultButtonModel.java:402)
	at javax.swing.DefaultButtonModel.setPressed(DefaultButtonModel.java:259)
	at javax.swing.plaf.basic.BasicButtonListener.mouseReleased(BasicButtonListener.java:252)
	at java.awt.Component.processMouseEvent(Component.java:6505)
	at javax.swing.JComponent.processMouseEvent(JComponent.java:3321)
	at java.awt.Component.processEvent(Component.java:6270)
	at java.awt.Container.processEvent(Container.java:2229)
	at java.awt.Component.dispatchEventImpl(Component.java:4861)
	at java.awt.Container.dispatchEventImpl(Container.java:2287)
	at java.awt.Component.dispatchEvent(Component.java:4687)
	at java.awt.LightweightDispatcher.retargetMouseEvent(Container.java:4832)
	at java.awt.LightweightDispatcher.processMouseEvent(Container.java:4492)
	at java.awt.LightweightDispatcher.dispatchEvent(Container.java:4422)
	at java.awt.Container.dispatchEventImpl(Container.java:2273)
	at java.awt.Window.dispatchEventImpl(Window.java:2719)
	at java.awt.Component.dispatchEvent(Component.java:4687)
	at java.awt.EventQueue.dispatchEventImpl(EventQueue.java:735)
	at java.awt.EventQueue.access$200(EventQueue.java:103)
	at java.awt.EventQueue$3.run(EventQueue.java:694)
	at java.awt.EventQueue$3.run(EventQueue.java:692)
	at java.security.AccessController.doPrivileged(Native Method)
	at java.security.ProtectionDomain$1.doIntersectionPrivilege(ProtectionDomain.java:76)
	at java.security.ProtectionDomain$1.doIntersectionPrivilege(ProtectionDomain.java:87)
	at java.awt.EventQueue$4.run(EventQueue.java:708)
	at java.awt.EventQueue$4.run(EventQueue.java:706)
	at java.security.AccessController.doPrivileged(Native Method)
	at java.security.ProtectionDomain$1.doIntersectionPrivilege(ProtectionDomain.java:76)
	at java.awt.EventQueue.dispatchEvent(EventQueue.java:705)
	at java.awt.EventDispatchThread.pumpOneEventForFilters(EventDispatchThread.java:242)
	at java.awt.EventDispatchThread.pumpEventsForFilter(EventDispatchThread.java:161)
	at java.awt.EventDispatchThread.pumpEventsForHierarchy(EventDispatchThread.java:150)
	at java.awt.EventDispatchThread.pumpEvents(EventDispatchThread.java:146)
	at java.awt.EventDispatchThread.pumpEvents(EventDispatchThread.java:138)
	at java.awt.EventDispatchThread.run(EventDispatchThread.java:91)
2016-01-28 18:12:35,696 ERROR org.hibernate.LazyInitializationException (<init>:19): failed to lazily initialize a collection of role: br.com.agendamysql.modelo.Contato.telefones, no session or session was closed
  org.hibernate.LazyInitializationException: failed to lazily initialize a collection of role: br.com.agendamysql.modelo.Contato.telefones, no session or session was closed
	at org.hibernate.collection.AbstractPersistentCollection.throwLazyInitializationException(AbstractPersistentCollection.java:358)
	at org.hibernate.collection.AbstractPersistentCollection.throwLazyInitializationExceptionIfNotConnected(AbstractPersistentCollection.java:350)
	at org.hibernate.collection.AbstractPersistentCollection.initialize(AbstractPersistentCollection.java:343)
	at org.hibernate.collection.AbstractPersistentCollection.read(AbstractPersistentCollection.java:86)
	at org.hibernate.collection.PersistentBag.get(PersistentBag.java:422)
	at br.com.agendamysql.tableModel.TableModelTelefone.getValueAt(TableModelTelefone.java:44)
	at javax.swing.JTable.getValueAt(JTable.java:2716)
	at javax.swing.JTable.prepareRenderer(JTable.java:5714)
	at javax.swing.plaf.basic.BasicTableUI.paintCell(BasicTableUI.java:2114)
	at javax.swing.plaf.basic.BasicTableUI.paintCells(BasicTableUI.java:2016)
	at javax.swing.plaf.basic.BasicTableUI.paint(BasicTableUI.java:1812)
	at javax.swing.plaf.ComponentUI.update(ComponentUI.java:161)
	at javax.swing.JComponent.paintComponent(JComponent.java:778)
	at javax.swing.JComponent.paint(JComponent.java:1054)
	at javax.swing.JComponent.paintToOffscreen(JComponent.java:5221)
	at javax.swing.RepaintManager$PaintManager.paintDoubleBuffered(RepaintManager.java:1508)
	at javax.swing.RepaintManager$PaintManager.paint(RepaintManager.java:1439)
	at javax.swing.RepaintManager.paint(RepaintManager.java:1236)
	at javax.swing.JComponent._paintImmediately(JComponent.java:5169)
	at javax.swing.JComponent.paintImmediately(JComponent.java:4980)
	at javax.swing.RepaintManager$3.run(RepaintManager.java:796)
	at javax.swing.RepaintManager$3.run(RepaintManager.java:784)
	at java.security.AccessController.doPrivileged(Native Method)
	at java.security.ProtectionDomain$1.doIntersectionPrivilege(ProtectionDomain.java:76)
	at javax.swing.RepaintManager.paintDirtyRegions(RepaintManager.java:784)
	at javax.swing.RepaintManager.paintDirtyRegions(RepaintManager.java:757)
	at javax.swing.RepaintManager.prePaintDirtyRegions(RepaintManager.java:706)
	at javax.swing.RepaintManager.access$1000(RepaintManager.java:62)
	at javax.swing.RepaintManager$ProcessingRunnable.run(RepaintManager.java:1647)
	at java.awt.event.InvocationEvent.dispatch(InvocationEvent.java:251)
	at java.awt.EventQueue.dispatchEventImpl(EventQueue.java:733)
	at java.awt.EventQueue.access$200(EventQueue.java:103)
	at java.awt.EventQueue$3.run(EventQueue.java:694)
	at java.awt.EventQueue$3.run(EventQueue.java:692)
	at java.security.AccessController.doPrivileged(Native Method)
	at java.security.ProtectionDomain$1.doIntersectionPrivilege(ProtectionDomain.java:76)
	at java.awt.EventQueue.dispatchEvent(EventQueue.java:703)
	at java.awt.EventDispatchThread.pumpOneEventForFilters(EventDispatchThread.java:242)
	at java.awt.EventDispatchThread.pumpEventsForFilter(EventDispatchThread.java:161)
	at java.awt.EventDispatchThread.pumpEventsForHierarchy(EventDispatchThread.java:150)
	at java.awt.EventDispatchThread.pumpEvents(EventDispatchThread.java:146)
	at java.awt.EventDispatchThread.pumpEvents(EventDispatchThread.java:138)
	at java.awt.EventDispatchThread.run(EventDispatchThread.java:91)
2016-01-29 13:21:42,960 WARN org.hibernate.engine.loading.LoadContexts (cleanup:108): fail-safe cleanup (collections) : org.hibernate.engine.loading.CollectionLoadContext@8ed221<rs=com.mysql.jdbc.JDBC4ResultSet@3bc723>
  2016-01-29 14:19:31,241 WARN org.hibernate.engine.loading.LoadContexts (cleanup:108): fail-safe cleanup (collections) : org.hibernate.engine.loading.CollectionLoadContext@3b7c27<rs=com.mysql.jdbc.JDBC4ResultSet@1899788>
  2016-01-29 14:21:31,848 WARN org.hibernate.engine.loading.LoadContexts (cleanup:108): fail-safe cleanup (collections) : org.hibernate.engine.loading.CollectionLoadContext@23400e<rs=com.mysql.jdbc.JDBC4ResultSet@5b8b7f>
  2016-01-29 14:22:42,567 WARN org.hibernate.engine.loading.LoadContexts (cleanup:108): fail-safe cleanup (collections) : org.hibernate.engine.loading.CollectionLoadContext@754ccd<rs=com.mysql.jdbc.JDBC4ResultSet@1828720>
  2016-01-29 14:25:09,901 WARN org.hibernate.engine.loading.LoadContexts (cleanup:108): fail-safe cleanup (collections) : org.hibernate.engine.loading.CollectionLoadContext@9cafd8<rs=com.mysql.jdbc.JDBC4ResultSet@1f1b104>
  